<?xml version="1.0" encoding="utf-8"?><testsuites name="pytest tests"><testsuite name="pytest" errors="0" failures="0" skipped="0" tests="20" time="1.521" timestamp="2026-06-08T08:14:53.929033+00:00" hostname="agent-env-17d43413-f839-4147-90c0-771649f8be06"><testcase classname="backend.tests.test_wireframe_api" name="test_root_info" time="0.292" /><testcase classname="backend.tests.test_wireframe_api" name="test_list_wireframes_structure" time="0.076" /><testcase classname="backend.tests.test_wireframe_api" name="test_all_html_route" time="0.063" /><testcase classname="backend.tests.test_wireframe_api" name="test_screen_html[web-login]" time="0.050" /><testcase classname="backend.tests.test_wireframe_api" name="test_screen_html[web-dashboard]" time="0.050" /><testcase classname="backend.tests.test_wireframe_api" name="test_screen_html[web-foods-list]" time="0.051" /><testcase classname="backend.tests.test_wireframe_api" name="test_screen_html[web-foods-form]" time="0.049" /><testcase classname="backend.tests.test_wireframe_api" name="test_screen_html[web-nutrition]" time="0.052" /><testcase classname="backend.tests.test_wireframe_api" name="test_screen_html[web-kmeans]" time="0.052" /><testcase classname="backend.tests.test_wireframe_api" name="test_screen_html[web-menu]" time="0.049" /><testcase classname="backend.tests.test_wireframe_api" name="test_screen_html[web-feedback]" time="0.052" /><testcase classname="backend.tests.test_wireframe_api" name="test_screen_html[mobile-login]" time="0.052" /><testcase classname="backend.tests.test_wireframe_api" name="test_screen_html[mobile-home]" time="0.055" /><testcase classname="backend.tests.test_wireframe_api" name="test_screen_html[mobile-detail]" time="0.048" /><testcase classname="backend.tests.test_wireframe_api" name="test_screen_html[mobile-history]" time="0.049" /><testcase classname="backend.tests.test_wireframe_api" name="test_screen_html[mobile-feedback]" time="0.047" /><testcase classname="backend.tests.test_wireframe_api" name="test_screen_html[mobile-feedback-status]" time="0.053" /><testcase classname="backend.tests.test_wireframe_api" name="test_invalid_screen_404" time="0.052" /><testcase classname="backend.tests.test_wireframe_api" name="test_figma_plugin_download" time="0.049" /><testcase classname="backend.tests.test_wireframe_api" name="test_figma_plugin_code_js_valid_syntax" time="0.072" /></testsuite></testsuites>